This is pdfTeX, Version 3.14159265-2.6-1.40.16 (TeX Live 2015/Debian) (preloaded format=pdflatex 2017.10.18)  1 NOV 2017 22:36
This is pdfTeX, Version 3.14159265-2.6-1.40.18 (TeX Live 2017) (preloaded format=pdflatex 2017.5.23)  1 NOV 2017 23:27
entering extended mode
 restricted \write18 enabled.
 %&-line parsing enabled.
**DMBD_Final_Design_Document.tex
(./DMBD_Final_Design_Document.tex
LaTeX2e <2016/02/01>
Babel <3.9q> and hyphenation patterns for 81 language(s) loaded.
(/usr/share/texlive/texmf-dist/tex/latex/base/report.cls
Document Class: report 2014/09/29 v1.4h Standard LaTeX document class
(/usr/share/texlive/texmf-dist/tex/latex/base/size12.clo
File: size12.clo 2014/09/29 v1.4h Standard LaTeX file (size option)
)
\c@part=\count79
\c@chapter=\count80
\c@section=\count81
\c@subsection=\count82
\c@subsubsection=\count83
\c@paragraph=\count84
\c@subparagraph=\count85
\c@figure=\count86
\c@table=\count87
\abovecaptionskip=\skip41
\belowcaptionskip=\skip42
\bibindent=\dimen102
)
(/usr/share/texlive/texmf-dist/tex/latex/amsmath/amsmath.sty
Package: amsmath 2016/03/03 v2.15a AMS math features
\@mathmargin=\skip43

For additional information on amsmath, use the `?' option.
(/usr/share/texlive/texmf-dist/tex/latex/amsmath/amstext.sty
Package: amstext 2000/06/29 v2.01 AMS text

(/usr/share/texlive/texmf-dist/tex/latex/amsmath/amsgen.sty
File: amsgen.sty 1999/11/30 v2.0 generic functions
\@emptytoks=\toks14
\ex@=\dimen103
))
(/usr/share/texlive/texmf-dist/tex/latex/amsmath/amsbsy.sty
Package: amsbsy 1999/11/29 v1.2d Bold Symbols
\pmbraise@=\dimen104
)
(/usr/share/texlive/texmf-dist/tex/latex/amsmath/amsopn.sty
Package: amsopn 1999/12/14 v2.01 operator names
)
\inf@bad=\count88
LaTeX Info: Redefining \frac on input line 199.
\uproot@=\count89
\leftroot@=\count90
LaTeX Info: Redefining \overline on input line 297.
\classnum@=\count91
\DOTSCASE@=\count92
LaTeX Info: Redefining \ldots on input line 394.
LaTeX Info: Redefining \dots on input line 397.
LaTeX Info: Redefining \cdots on input line 518.
\Mathstrutbox@=\box26
\strutbox@=\box27
\big@size=\dimen105
LaTeX Font Info:    Redeclaring font encoding OML on input line 630.
LaTeX Font Info:    Redeclaring font encoding OMS on input line 631.
\macc@depth=\count93
\c@MaxMatrixCols=\count94
\dotsspace@=\muskip10
\c@parentequation=\count95
\dspbrk@lvl=\count96
\tag@help=\toks15
\row@=\count97
\column@=\count98
\maxfields@=\count99
\andhelp@=\toks16
\eqnshift@=\dimen106
\alignsep@=\dimen107
\tagshift@=\dimen108
\tagwidth@=\dimen109
\totwidth@=\dimen110
\lineht@=\dimen111
\@envbody=\toks17
\multlinegap=\skip44
\multlinetaggap=\skip45
\mathdisplay@stack=\toks18
LaTeX Info: Redefining \[ on input line 2735.
LaTeX Info: Redefining \] on input line 2736.
)
(/usr/share/texlive/texmf-dist/tex/latex/amsfonts/amsfonts.sty
Package: amsfonts 2013/01/14 v3.01 Basic AMSFonts support
\symAMSa=\mathgroup4
\symAMSb=\mathgroup5
LaTeX Font Info:    Overwriting math alphabet `\mathfrak' in version `bold'
(Font)                  U/euf/m/n --> U/euf/b/n on input line 106.
)
(/usr/share/texlive/texmf-dist/tex/latex/amsfonts/amssymb.sty
Package: amssymb 2013/01/14 v3.01 AMS font symbols
)
(/usr/share/texlive/texmf-dist/tex/latex/graphics/graphicx.sty
Package: graphicx 2014/10/28 v1.0g Enhanced LaTeX Graphics (DPC,SPQR)

(/usr/share/texlive/texmf-dist/tex/latex/graphics/keyval.sty
Package: keyval 2014/10/28 v1.15 key=value parser (DPC)
\KV@toks@=\toks19
)
(/usr/share/texlive/texmf-dist/tex/latex/graphics/graphics.sty
Package: graphics 2016/01/03 v1.0q Standard LaTeX Graphics (DPC,SPQR)

(/usr/share/texlive/texmf-dist/tex/latex/graphics/trig.sty
Package: trig 2016/01/03 v1.10 sin cos tan (DPC)
)
(/usr/share/texlive/texmf-dist/tex/latex/latexconfig/graphics.cfg
File: graphics.cfg 2010/04/23 v1.9 graphics configuration of TeX Live
)
Package graphics Info: Driver file: pdftex.def on input line 95.

(/usr/share/texlive/texmf-dist/tex/latex/pdftex-def/pdftex.def
File: pdftex.def 2011/05/27 v0.06d Graphics/color for pdfTeX

(/usr/share/texlive/texmf-dist/tex/generic/oberdiek/infwarerr.sty
Package: infwarerr 2010/04/08 v1.3 Providing info/warning/error messages (HO)
)
(/usr/share/texlive/texmf-dist/tex/generic/oberdiek/ltxcmds.sty
Package: ltxcmds 2011/11/09 v1.22 LaTeX kernel commands for general use (HO)
)
\Gread@gobject=\count100
))
\Gin@req@height=\dimen112
\Gin@req@width=\dimen113
)
(/usr/share/texlive/texmf-dist/tex/latex/parskip/parskip.sty
Package: parskip 2001/04/09 non-zero parskip adjustments
)
(/usr/share/texlive/texmf-dist/tex/latex/tools/indentfirst.sty
Package: indentfirst 1995/11/23 v1.03 Indent first paragraph (DPC)
)
(/usr/share/texlive/texmf-dist/tex/latex/psnfss/courier.sty
Package: courier 2005/04/12 PSNFSS-v9.2a (WaS) 
)
(/usr/share/texlive/texmf-dist/tex/latex/titlesec/titlesec.sty
Package: titlesec 2016/03/15 v2.10.1 Sectioning titles
\ttl@box=\box28
\beforetitleunit=\skip46
\aftertitleunit=\skip47
\ttl@plus=\dimen114
\ttl@minus=\dimen115
\ttl@toksa=\toks20
\titlewidth=\dimen116
\titlewidthlast=\dimen117
\titlewidthfirst=\dimen118
)
(/usr/share/texlive/texmf-dist/tex/latex/wrapfig/wrapfig.sty
\wrapoverhang=\dimen119
\WF@size=\dimen120
\c@WF@wrappedlines=\count101
\WF@box=\box29
\WF@everypar=\toks21
Package: wrapfig 2003/01/31  v 3.6
)
(./DMBD_Final_Design_Document.aux)
\openout1 = `DMBD_Final_Design_Document.aux'.

LaTeX Font Info:    Checking defaults for OML/cmm/m/it on input line 21.
LaTeX Font Info:    ... okay on input line 21.
LaTeX Font Info:    Checking defaults for T1/cmr/m/n on input line 21.
LaTeX Font Info:    ... okay on input line 21.
LaTeX Font Info:    Checking defaults for OT1/cmr/m/n on input line 21.
LaTeX Font Info:    ... okay on input line 21.
LaTeX Font Info:    Checking defaults for OMS/cmsy/m/n on input line 21.
LaTeX Font Info:    ... okay on input line 21.
LaTeX Font Info:    Checking defaults for OMX/cmex/m/n on input line 21.
LaTeX Font Info:    ... okay on input line 21.
LaTeX Font Info:    Checking defaults for U/cmr/m/n on input line 21.
LaTeX Font Info:    ... okay on input line 21.

(/usr/share/texlive/texmf-dist/tex/context/base/supp-pdf.mkii
[Loading MPS to PDF converter (version 2006.09.02).]
\scratchcounter=\count102
\scratchdimen=\dimen121
\scratchbox=\box30
\nofMPsegments=\count103
\nofMParguments=\count104
\everyMPshowfont=\toks22
\MPscratchCnt=\count105
\MPscratchDim=\dimen122
\MPnumerator=\count106
\makeMPintoPDFobject=\count107
\everyMPtoPDFconversion=\toks23
) (/usr/share/texlive/texmf-dist/tex/generic/oberdiek/pdftexcmds.sty
Package: pdftexcmds 2011/11/29 v0.20 Utility functions of pdfTeX for LuaTeX (HO
)

(/usr/share/texlive/texmf-dist/tex/generic/oberdiek/ifluatex.sty
Package: ifluatex 2010/03/01 v1.3 Provides the ifluatex switch (HO)
Package ifluatex Info: LuaTeX not detected.
)
(/usr/share/texlive/texmf-dist/tex/generic/oberdiek/ifpdf.sty
Package: ifpdf 2011/01/30 v2.3 Provides the ifpdf switch (HO)
Package ifpdf Info: pdfTeX in PDF mode is detected.
)
Package pdftexcmds Info: LuaTeX not detected.
Package pdftexcmds Info: \pdf@primitive is available.
Package pdftexcmds Info: \pdf@ifprimitive is available.
Package pdftexcmds Info: \pdfdraftmode found.
)
(/usr/share/texlive/texmf-dist/tex/latex/oberdiek/epstopdf-base.sty
Package: epstopdf-base 2010/02/09 v2.5 Base part for package epstopdf

(/usr/share/texlive/texmf-dist/tex/latex/oberdiek/grfext.sty
Package: grfext 2010/08/19 v1.1 Manage graphics extensions (HO)

(/usr/share/texlive/texmf-dist/tex/generic/oberdiek/kvdefinekeys.sty
Package: kvdefinekeys 2011/04/07 v1.3 Define keys (HO)
))
(/usr/share/texlive/texmf-dist/tex/latex/oberdiek/kvoptions.sty
Package: kvoptions 2011/06/30 v3.11 Key value format for package options (HO)

(/usr/share/texlive/texmf-dist/tex/generic/oberdiek/kvsetkeys.sty
Package: kvsetkeys 2012/04/25 v1.16 Key value parser (HO)

(/usr/share/texlive/texmf-dist/tex/generic/oberdiek/etexcmds.sty
Package: etexcmds 2011/02/16 v1.5 Avoid name clashes with e-TeX commands (HO)
Package etexcmds Info: Could not find \expanded.
(etexcmds)             That can mean that you are not using pdfTeX 1.50 or
(etexcmds)             that some package has redefined \expanded.
(etexcmds)             In the latter case, load this package earlier.
)))
Package grfext Info: Graphics extension search list:
(grfext)             [.png,.pdf,.jpg,.mps,.jpeg,.jbig2,.jb2,.PNG,.PDF,.JPG,.JPE
G,.JBIG2,.JB2,.eps]
(grfext)             \AppendGraphicsExtensions on input line 452.

(/usr/share/texlive/texmf-dist/tex/latex/latexconfig/epstopdf-sys.cfg
File: epstopdf-sys.cfg 2010/07/13 v1.3 Configuration of (r)epstopdf for TeX Liv
e
))
LaTeX Font Info:    Try loading font information for U+msa on input line 23.

(/usr/share/texlive/texmf-dist/tex/latex/amsfonts/umsa.fd
File: umsa.fd 2013/01/14 v3.01 AMS symbols A
)
LaTeX Font Info:    Try loading font information for U+msb on input line 23.

(/usr/share/texlive/texmf-dist/tex/latex/amsfonts/umsb.fd
File: umsb.fd 2013/01/14 v3.01 AMS symbols B
)
Overfull \hbox (15.20842pt too wide) in paragraph at lines 23--23
 [][] 
 []

[1

{/var/lib/texmf/fonts/map/pdftex/updmap/pdftex.map}]
(./DMBD_Final_Design_Document.toc [1

] [2])
\tf@toc=\write3
\openout3 = `DMBD_Final_Design_Document.toc'.

 [3] [4

] [5

] [6

]
<images/Jacob_Spigle.png, id=28, 3035.34pt x 3035.34pt>
File: images/Jacob_Spigle.png Graphic file (type png)

<use images/Jacob_Spigle.png>
Package pdftex.def Info: images/Jacob_Spigle.png used on input line 62.
(pdftex.def)             Requested size: 151.7759pt x 151.7759pt.
 [7

 <./images/Jacob_Spigle.png>]
<images/Zachary_Painter.png, id=32, 3035.34pt x 3035.34pt>
File: images/Zachary_Painter.png Graphic file (type png)

<use images/Zachary_Painter.png>
Package pdftex.def Info: images/Zachary_Painter.png used on input line 69.
(pdftex.def)             Requested size: 151.7759pt x 151.7759pt.
 [8 <./images/Zachary_Painter.png>]
<images/David_Akridge.png, id=37, 3035.34pt x 3035.34pt>
File: images/David_Akridge.png Graphic file (type png)

<use images/David_Akridge.png>
Package pdftex.def Info: images/David_Akridge.png used on input line 77.
(pdftex.def)             Requested size: 151.7759pt x 151.7759pt.
Missing character: There is no â in font cmr12!
Missing character: There is no € in font cmr12!
Missing character: There is no ™ in font cmr12!
Missing character: There is no â in font cmr12!
Missing character: There is no € in font cmr12!
Missing character: There is no ™ in font cmr12!
Missing character: There is no â in font cmr12!
Missing character: There is no € in font cmr12!
Missing character: There is no ™ in font cmr12!
Missing character: There is no â in font cmr12!
Missing character: There is no € in font cmr12!
Missing character: There is no ™ in font cmr12!
Missing character: There is no â in font cmr12!
Missing character: There is no € in font cmr12!
Missing character: There is no ™ in font cmr12!
Missing character: There is no â in font cmr12!
Missing character: There is no € in font cmr12!
Missing character: There is no ™ in font cmr12!
 [9 <./images/David_Akridge.png>]
<images/Hunter_Figueroa.png, id=41, 3035.34pt x 3035.34pt>
File: images/Hunter_Figueroa.png Graphic file (type png)

<use images/Hunter_Figueroa.png>
Package pdftex.def Info: images/Hunter_Figueroa.png used on input line 85.
(pdftex.def)             Requested size: 151.7759pt x 151.7759pt.
Missing character: There is no â in font cmr12!
Missing character: There is no € in font cmr12!
Missing character: There is no ™ in font cmr12!
Missing character: There is no â in font cmr12!
Missing character: There is no € in font cmr12!
Missing character: There is no ™ in font cmr12!
 [10 <./images/Hunter_Figueroa.png>]
<images/colors.png, id=45, 277.035pt x 426.59375pt>
File: images/colors.png Graphic file (type png)
 <use images/colors.png>
Package pdftex.def Info: images/colors.png used on input line 93.
(pdftex.def)             Requested size: 138.51715pt x 213.29634pt.

<images/logo-large.png, id=47, 128.48pt x 128.48pt>
File: images/logo-large.png Graphic file (type png)

<use images/logo-large.png>
Package pdftex.def Info: images/logo-large.png used on input line 98.
(pdftex.def)             Requested size: 64.23984pt x 64.23984pt.
 <images/login.png, id=48, 1927.2pt x 966.61125pt>
File: images/login.png Graphic file (type png)

<use images/login.png>
Package pdftex.def Info: images/login.png used on input line 102.
(pdftex.def)             Requested size: 385.43318pt x 193.31882pt.

Overfull \hbox (10.43318pt too wide) in paragraph at lines 102--103
[][] 
 []

[11

 <./images/colors.png> <./images/logo-large.png>]
<images/register.png, id=54, 1927.2pt x 952.55875pt>
File: images/register.png Graphic file (type png)
 <use images/register.png>
Package pdftex.def Info: images/register.png used on input line 104.
(pdftex.def)             Requested size: 385.43318pt x 190.50838pt.

Overfull \hbox (10.43318pt too wide) in paragraph at lines 104--105
[][] 
 []

<images/home.png, id=55, 1927.2pt x 954.56625pt>
File: images/home.png Graphic file (type png)
 <use images/home.png>
Package pdftex.def Info: images/home.png used on input line 106.
(pdftex.def)             Requested size: 385.43318pt x 190.90987pt.

Overfull \hbox (10.43318pt too wide) in paragraph at lines 106--107
[][] 
 []

[12 <./images/login.png (PNG copy)> <./images/register.png (PNG copy)>]
<images/search.png, id=60, 1927.2pt x 956.57375pt>
File: images/search.png Graphic file (type png)
 <use images/search.png>
Package pdftex.def Info: images/search.png used on input line 108.
(pdftex.def)             Requested size: 385.43318pt x 191.31136pt.

Overfull \hbox (10.43318pt too wide) in paragraph at lines 108--109
[][] 
 []

<images/arena.png, id=61, 1927.2pt x 1084.05pt>
File: images/arena.png Graphic file (type png)
 <use images/arena.png>
Package pdftex.def Info: images/arena.png used on input line 110.
(pdftex.def)             Requested size: 385.43318pt x 216.80615pt.

Overfull \hbox (10.43318pt too wide) in paragraph at lines 110--111
[][] 
 []

[13 <./images/home.png (PNG copy)> <./images/search.png (PNG copy)>]
<images/encounter.png, id=65, 1927.2pt x 963.6pt>
File: images/encounter.png Graphic file (type png)
 <use images/encounter.png>
Package pdftex.def Info: images/encounter.png used on input line 113.
(pdftex.def)             Requested size: 385.43318pt x 192.71658pt.

Overfull \hbox (10.43318pt too wide) in paragraph at lines 113--114
[][] 
 []

[14 <./images/arena.png (PNG copy)> <./images/encounter.png (PNG copy)>]
[15] [16

] [17

] [18

]
Overfull \hbox (11.7595pt too wide) in paragraph at lines 164--164
|\OT1/cmr/bx/n/17.28 Data Pro-cess-ing from API (WHAT DOES THIS
 []

[19

]
Overfull \vbox (37.1504pt too high) has occurred while \output is active []


[20] [21

] [22] [23

] [24

] [25

] [26

] (./DMBD_Final_Design_Document.aux) ) 
Here is how much of TeX's memory you used:
 2832 strings out of 493029
 38121 string characters out of 6136233
 102380 words of memory out of 5000000
 6308 multiletter control sequences out of 15000+600000
 13356 words of font info for 51 fonts, out of 8000000 for 9000
 1141 hyphenation exceptions out of 8191
 38i,6n,31p,1171b,180s stack positions out of 5000i,500n,10000p,200000b,80000s
</usr/share/texlive/texmf-dist/fonts/type
1/public/amsfonts/cm/cmbx12.pfb></usr/share/texlive/texmf-dist/fonts/type1/publ
ic/amsfonts/cm/cmr12.pfb></usr/share/texlive/texmf-dist/fonts/type1/public/amsf
onts/cm/cmr17.pfb></usr/share/texlive/texmf-dist/fonts/type1/public/amsfonts/cm
/cmti12.pfb>
Output written on DMBD_Final_Design_Document.pdf (27 pages, 22270977 bytes).
PDF statistics:
 122 PDF objects out of 1000 (max. 8388607)
 74 compressed objects within 1 object stream
 0 named destinations out of 1000 (max. 500000)
 61 words of extra memory for PDF output out of 10000 (max. 10000000)

